2020-01-18 12:31:33 [::1][-][-][error][Error] Error: Class 'bizley\contenttools\actions\UploadAction' not found in F:\xampp\htdocs\base\protected\controllers\SiteController.php:65
Stack trace:
#0 F:\xampp\htdocs\vendor\yiisoft\yii2\base\Controller.php(225): app\controllers\SiteController->actions()
#1 F:\xampp\htdocs\vendor\yiisoft\yii2\base\Controller.php(126): yii\base\Controller->createAction('index')
#2 F:\xampp\htdocs\vendor\yiisoft\yii2\base\Module.php(528): yii\base\Controller->runAction('index', Array)
#3 F:\xampp\htdocs\vendor\yiisoft\yii2\web\Application.php(103): yii\base\Module->runAction('', Array)
#4 F:\xampp\htdocs\vendor\yiisoft\yii2\base\Application.php(386): yii\web\Application->handleRequest(Object(app\components\TRequest))
#5 F:\xampp\htdocs\base\index.php(10): yii\base\Application->run()
#6 {main}
2020-01-18 12:31:20 [::1][-][-][info][application] $_GET = []

$_POST = []

$_FILES = []

$_COOKIE = [
    'PHPSESSID' => 'c8p67rfdiod1ilvvvgfrsnc0jn'
    '_csrf' => 'aaa4327b729e8d140e0dc9f6ca2f8e9e5de1d68a0fd6f66f38b38baad12ec4f4a:2:{i:0;s:5:\"_csrf\";i:1;s:32:\"J6esP4uaqgiEuZktkz8cchczysEEQAjw\";}'
]

$_SERVER = [
    'MIBDIRS' => 'F:/xampp/php/extras/mibs'
    'MYSQL_HOME' => '\\xampp\\mysql\\bin'
    'OPENSSL_CONF' => 'F:/xampp/apache/bin/openssl.cnf'
    'PHP_PEAR_SYSCONF_DIR' => '\\xampp\\php'
    'PHPRC' => '\\xampp\\php'
    'TMP' => '\\xampp\\tmp'
    'HTTP_HOST' => 'localhost'
    'HTTP_CONNECTION' => 'keep-alive'
    'HTTP_PRAGMA' => 'no-cache'
    'HTTP_CACHE_CONTROL' => 'no-cache'
    'HTTP_UPGRADE_INSECURE_REQUESTS' => '1'
    'HTTP_USER_AGENT' => 'Mozilla/5.0 (Windows NT 10.0; Win64; x64) AppleWebKit/537.36 (KHTML, like Gecko) Chrome/79.0.3945.88 Safari/537.36'
    'HTTP_SEC_FETCH_USER' => '?1'
    'HTTP_ACCEPT' => 'text/html,application/xhtml+xml,application/xml;q=0.9,image/webp,image/apng,*/*;q=0.8,application/signed-exchange;v=b3;q=0.9'
    'HTTP_SEC_FETCH_SITE' => 'same-origin'
    'HTTP_SEC_FETCH_MODE' => 'navigate'
    'HTTP_REFERER' => 'http://localhost/'
    'HTTP_ACCEPT_ENCODING' => 'gzip, deflate, br'
    'HTTP_ACCEPT_LANGUAGE' => 'en-US,en;q=0.9'
    'HTTP_COOKIE' => 'PHPSESSID=c8p67rfdiod1ilvvvgfrsnc0jn; _csrf=aaa4327b729e8d140e0dc9f6ca2f8e9e5de1d68a0fd6f66f38b38baad12ec4f4a%3A2%3A%7Bi%3A0%3Bs%3A5%3A%22_csrf%22%3Bi%3A1%3Bs%3A32%3A%22J6esP4uaqgiEuZktkz8cchczysEEQAjw%22%3B%7D'
    'PATH' => 'C:\\Program Files (x86)\\Common Files\\Oracle\\Java\\javapath;C:\\Windows\\system32;C:\\Windows;C:\\Windows\\System32\\Wbem;C:\\Windows\\System32\\WindowsPowerShell\\v1.0\\;C:\\Windows\\System32\\OpenSSH\\;C:\\Program Files\\nodejs;C:\\Users\\HP\\AppData\\Local\\Android\\Sdk\\platform-tools;C:\\Program Files\\Java\\jdk1.8.0_181\\bin;C:\\Program Files (x86)\\Yarn\\bin\\;C:\\Program Files\\Git\\cmd;C:\\xampp\\php;C:\\ProgramData\\ComposerSetup\\bin;C:\\Program Files (x86)\\PuTTY\\;C:\\Users\\HP\\AppData\\Local\\Microsoft\\WindowsApps;C:\\Users\\HP\\AppData\\Roaming\\npm;C:\\Users\\HP\\AppData\\Local\\Programs\\Microsoft VS Code\\bin;C:\\Users\\HP\\AppData\\Local\\Yarn\\bin;C:\\Users\\HP\\AppData\\Roaming\\Composer\\vendor\\bin'
    'SystemRoot' => 'C:\\Windows'
    'COMSPEC' => 'C:\\Windows\\system32\\cmd.exe'
    'PATHEXT' => '.COM;.EXE;.BAT;.CMD;.VBS;.VBE;.JS;.JSE;.WSF;.WSH;.MSC'
    'WINDIR' => 'C:\\Windows'
    'SERVER_SIGNATURE' => '<address>Apache/2.4.41 (Win64) OpenSSL/1.0.2s PHP/7.1.32 Server at localhost Port 80</address>
'
    'SERVER_SOFTWARE' => 'Apache/2.4.41 (Win64) OpenSSL/1.0.2s PHP/7.1.32'
    'SERVER_NAME' => 'localhost'
    'SERVER_ADDR' => '::1'
    'SERVER_PORT' => '80'
    'REMOTE_ADDR' => '::1'
    'DOCUMENT_ROOT' => 'F:/xampp/htdocs'
    'REQUEST_SCHEME' => 'http'
    'CONTEXT_PREFIX' => ''
    'CONTEXT_DOCUMENT_ROOT' => 'F:/xampp/htdocs'
    'SERVER_ADMIN' => 'postmaster@localhost'
    'SCRIPT_FILENAME' => 'F:/xampp/htdocs/base/index.php'
    'REMOTE_PORT' => '53259'
    'GATEWAY_INTERFACE' => 'CGI/1.1'
    'SERVER_PROTOCOL' => 'HTTP/1.1'
    'REQUEST_METHOD' => 'GET'
    'QUERY_STRING' => ''
    'REQUEST_URI' => '/base/'
    'SCRIPT_NAME' => '/base/index.php'
    'PHP_SELF' => '/base/index.php'
    'REQUEST_TIME_FLOAT' => 1579330875.725
    'REQUEST_TIME' => 1579330875
]
2020-01-18 12:33:09 [::1][-][-][error][Error] Error: Class 'bizley\contenttools\actions\UploadAction' not found in F:\xampp\htdocs\base\protected\controllers\SiteController.php:65
Stack trace:
#0 F:\xampp\htdocs\vendor\yiisoft\yii2\base\Controller.php(225): app\controllers\SiteController->actions()
#1 F:\xampp\htdocs\vendor\yiisoft\yii2\base\Controller.php(126): yii\base\Controller->createAction('index')
#2 F:\xampp\htdocs\vendor\yiisoft\yii2\base\Module.php(528): yii\base\Controller->runAction('index', Array)
#3 F:\xampp\htdocs\vendor\yiisoft\yii2\web\Application.php(103): yii\base\Module->runAction('', Array)
#4 F:\xampp\htdocs\vendor\yiisoft\yii2\base\Application.php(386): yii\web\Application->handleRequest(Object(app\components\TRequest))
#5 F:\xampp\htdocs\base\index.php(10): yii\base\Application->run()
#6 {main}
2020-01-18 12:33:07 [::1][-][-][info][application] $_GET = []

$_POST = []

$_FILES = []

$_COOKIE = [
    'PHPSESSID' => 'c8p67rfdiod1ilvvvgfrsnc0jn'
    '_csrf' => 'aaa4327b729e8d140e0dc9f6ca2f8e9e5de1d68a0fd6f66f38b38baad12ec4f4a:2:{i:0;s:5:\"_csrf\";i:1;s:32:\"J6esP4uaqgiEuZktkz8cchczysEEQAjw\";}'
    'language' => '662e635d21d94ba70a201c5badef04b668a21c9400d116df165d762e1ac5f804a:2:{i:0;s:8:\"language\";i:1;s:2:\"en\";}'
]

$_SERVER = [
    'MIBDIRS' => 'F:/xampp/php/extras/mibs'
    'MYSQL_HOME' => '\\xampp\\mysql\\bin'
    'OPENSSL_CONF' => 'F:/xampp/apache/bin/openssl.cnf'
    'PHP_PEAR_SYSCONF_DIR' => '\\xampp\\php'
    'PHPRC' => '\\xampp\\php'
    'TMP' => '\\xampp\\tmp'
    'HTTP_HOST' => 'localhost'
    'HTTP_CONNECTION' => 'keep-alive'
    'HTTP_CACHE_CONTROL' => 'max-age=0'
    'HTTP_UPGRADE_INSECURE_REQUESTS' => '1'
    'HTTP_USER_AGENT' => 'Mozilla/5.0 (Windows NT 10.0; Win64; x64) AppleWebKit/537.36 (KHTML, like Gecko) Chrome/79.0.3945.88 Safari/537.36'
    'HTTP_SEC_FETCH_USER' => '?1'
    'HTTP_ACCEPT' => 'text/html,application/xhtml+xml,application/xml;q=0.9,image/webp,image/apng,*/*;q=0.8,application/signed-exchange;v=b3;q=0.9'
    'HTTP_SEC_FETCH_SITE' => 'same-origin'
    'HTTP_SEC_FETCH_MODE' => 'navigate'
    'HTTP_REFERER' => 'http://localhost/'
    'HTTP_ACCEPT_ENCODING' => 'gzip, deflate, br'
    'HTTP_ACCEPT_LANGUAGE' => 'en-US,en;q=0.9'
    'HTTP_COOKIE' => 'PHPSESSID=c8p67rfdiod1ilvvvgfrsnc0jn; _csrf=aaa4327b729e8d140e0dc9f6ca2f8e9e5de1d68a0fd6f66f38b38baad12ec4f4a%3A2%3A%7Bi%3A0%3Bs%3A5%3A%22_csrf%22%3Bi%3A1%3Bs%3A32%3A%22J6esP4uaqgiEuZktkz8cchczysEEQAjw%22%3B%7D; language=662e635d21d94ba70a201c5badef04b668a21c9400d116df165d762e1ac5f804a%3A2%3A%7Bi%3A0%3Bs%3A8%3A%22language%22%3Bi%3A1%3Bs%3A2%3A%22en%22%3B%7D'
    'PATH' => 'C:\\Program Files (x86)\\Common Files\\Oracle\\Java\\javapath;C:\\Windows\\system32;C:\\Windows;C:\\Windows\\System32\\Wbem;C:\\Windows\\System32\\WindowsPowerShell\\v1.0\\;C:\\Windows\\System32\\OpenSSH\\;C:\\Program Files\\nodejs;C:\\Users\\HP\\AppData\\Local\\Android\\Sdk\\platform-tools;C:\\Program Files\\Java\\jdk1.8.0_181\\bin;C:\\Program Files (x86)\\Yarn\\bin\\;C:\\Program Files\\Git\\cmd;C:\\xampp\\php;C:\\ProgramData\\ComposerSetup\\bin;C:\\Program Files (x86)\\PuTTY\\;C:\\Users\\HP\\AppData\\Local\\Microsoft\\WindowsApps;C:\\Users\\HP\\AppData\\Roaming\\npm;C:\\Users\\HP\\AppData\\Local\\Programs\\Microsoft VS Code\\bin;C:\\Users\\HP\\AppData\\Local\\Yarn\\bin;C:\\Users\\HP\\AppData\\Roaming\\Composer\\vendor\\bin'
    'SystemRoot' => 'C:\\Windows'
    'COMSPEC' => 'C:\\Windows\\system32\\cmd.exe'
    'PATHEXT' => '.COM;.EXE;.BAT;.CMD;.VBS;.VBE;.JS;.JSE;.WSF;.WSH;.MSC'
    'WINDIR' => 'C:\\Windows'
    'SERVER_SIGNATURE' => '<address>Apache/2.4.41 (Win64) OpenSSL/1.0.2s PHP/7.1.32 Server at localhost Port 80</address>
'
    'SERVER_SOFTWARE' => 'Apache/2.4.41 (Win64) OpenSSL/1.0.2s PHP/7.1.32'
    'SERVER_NAME' => 'localhost'
    'SERVER_ADDR' => '::1'
    'SERVER_PORT' => '80'
    'REMOTE_ADDR' => '::1'
    'DOCUMENT_ROOT' => 'F:/xampp/htdocs'
    'REQUEST_SCHEME' => 'http'
    'CONTEXT_PREFIX' => ''
    'CONTEXT_DOCUMENT_ROOT' => 'F:/xampp/htdocs'
    'SERVER_ADMIN' => 'postmaster@localhost'
    'SCRIPT_FILENAME' => 'F:/xampp/htdocs/base/index.php'
    'REMOTE_PORT' => '53320'
    'GATEWAY_INTERFACE' => 'CGI/1.1'
    'SERVER_PROTOCOL' => 'HTTP/1.1'
    'REQUEST_METHOD' => 'GET'
    'QUERY_STRING' => ''
    'REQUEST_URI' => '/base/'
    'SCRIPT_NAME' => '/base/index.php'
    'PHP_SELF' => '/base/index.php'
    'REQUEST_TIME_FLOAT' => 1579330986.602
    'REQUEST_TIME' => 1579330986
]
2020-01-18 12:41:57 [::1][-][-][error][Error] Error: Class 'bizley\contenttools\actions\UploadAction' not found in F:\xampp\htdocs\base\protected\controllers\SiteController.php:65
Stack trace:
#0 F:\xampp\htdocs\vendor\yiisoft\yii2\base\Controller.php(225): app\controllers\SiteController->actions()
#1 F:\xampp\htdocs\vendor\yiisoft\yii2\base\Controller.php(126): yii\base\Controller->createAction('index')
#2 F:\xampp\htdocs\vendor\yiisoft\yii2\base\Module.php(528): yii\base\Controller->runAction('index', Array)
#3 F:\xampp\htdocs\vendor\yiisoft\yii2\web\Application.php(103): yii\base\Module->runAction('', Array)
#4 F:\xampp\htdocs\vendor\yiisoft\yii2\base\Application.php(386): yii\web\Application->handleRequest(Object(app\components\TRequest))
#5 F:\xampp\htdocs\base\index.php(10): yii\base\Application->run()
#6 {main}
2020-01-18 12:41:53 [::1][-][-][info][application] $_GET = []

$_POST = []

$_FILES = []

$_COOKIE = [
    'PHPSESSID' => 'c8p67rfdiod1ilvvvgfrsnc0jn'
    '_csrf' => 'aaa4327b729e8d140e0dc9f6ca2f8e9e5de1d68a0fd6f66f38b38baad12ec4f4a:2:{i:0;s:5:\"_csrf\";i:1;s:32:\"J6esP4uaqgiEuZktkz8cchczysEEQAjw\";}'
    'language' => '662e635d21d94ba70a201c5badef04b668a21c9400d116df165d762e1ac5f804a:2:{i:0;s:8:\"language\";i:1;s:2:\"en\";}'
]

$_SERVER = [
    'MIBDIRS' => 'F:/xampp/php/extras/mibs'
    'MYSQL_HOME' => '\\xampp\\mysql\\bin'
    'OPENSSL_CONF' => 'F:/xampp/apache/bin/openssl.cnf'
    'PHP_PEAR_SYSCONF_DIR' => '\\xampp\\php'
    'PHPRC' => '\\xampp\\php'
    'TMP' => '\\xampp\\tmp'
    'HTTP_HOST' => 'localhost'
    'HTTP_CONNECTION' => 'keep-alive'
    'HTTP_CACHE_CONTROL' => 'max-age=0'
    'HTTP_UPGRADE_INSECURE_REQUESTS' => '1'
    'HTTP_USER_AGENT' => 'Mozilla/5.0 (Windows NT 10.0; Win64; x64) AppleWebKit/537.36 (KHTML, like Gecko) Chrome/79.0.3945.88 Safari/537.36'
    'HTTP_SEC_FETCH_USER' => '?1'
    'HTTP_ACCEPT' => 'text/html,application/xhtml+xml,application/xml;q=0.9,image/webp,image/apng,*/*;q=0.8,application/signed-exchange;v=b3;q=0.9'
    'HTTP_SEC_FETCH_SITE' => 'same-origin'
    'HTTP_SEC_FETCH_MODE' => 'navigate'
    'HTTP_REFERER' => 'http://localhost/'
    'HTTP_ACCEPT_ENCODING' => 'gzip, deflate, br'
    'HTTP_ACCEPT_LANGUAGE' => 'en-US,en;q=0.9'
    'HTTP_COOKIE' => 'PHPSESSID=c8p67rfdiod1ilvvvgfrsnc0jn; _csrf=aaa4327b729e8d140e0dc9f6ca2f8e9e5de1d68a0fd6f66f38b38baad12ec4f4a%3A2%3A%7Bi%3A0%3Bs%3A5%3A%22_csrf%22%3Bi%3A1%3Bs%3A32%3A%22J6esP4uaqgiEuZktkz8cchczysEEQAjw%22%3B%7D; language=662e635d21d94ba70a201c5badef04b668a21c9400d116df165d762e1ac5f804a%3A2%3A%7Bi%3A0%3Bs%3A8%3A%22language%22%3Bi%3A1%3Bs%3A2%3A%22en%22%3B%7D'
    'PATH' => 'C:\\Program Files (x86)\\Common Files\\Oracle\\Java\\javapath;C:\\Windows\\system32;C:\\Windows;C:\\Windows\\System32\\Wbem;C:\\Windows\\System32\\WindowsPowerShell\\v1.0\\;C:\\Windows\\System32\\OpenSSH\\;C:\\Program Files\\nodejs;C:\\Users\\HP\\AppData\\Local\\Android\\Sdk\\platform-tools;C:\\Program Files\\Java\\jdk1.8.0_181\\bin;C:\\Program Files (x86)\\Yarn\\bin\\;C:\\Program Files\\Git\\cmd;C:\\xampp\\php;C:\\ProgramData\\ComposerSetup\\bin;C:\\Program Files (x86)\\PuTTY\\;C:\\Users\\HP\\AppData\\Local\\Microsoft\\WindowsApps;C:\\Users\\HP\\AppData\\Roaming\\npm;C:\\Users\\HP\\AppData\\Local\\Programs\\Microsoft VS Code\\bin;C:\\Users\\HP\\AppData\\Local\\Yarn\\bin;C:\\Users\\HP\\AppData\\Roaming\\Composer\\vendor\\bin'
    'SystemRoot' => 'C:\\Windows'
    'COMSPEC' => 'C:\\Windows\\system32\\cmd.exe'
    'PATHEXT' => '.COM;.EXE;.BAT;.CMD;.VBS;.VBE;.JS;.JSE;.WSF;.WSH;.MSC'
    'WINDIR' => 'C:\\Windows'
    'SERVER_SIGNATURE' => '<address>Apache/2.4.41 (Win64) OpenSSL/1.0.2s PHP/7.1.32 Server at localhost Port 80</address>
'
    'SERVER_SOFTWARE' => 'Apache/2.4.41 (Win64) OpenSSL/1.0.2s PHP/7.1.32'
    'SERVER_NAME' => 'localhost'
    'SERVER_ADDR' => '::1'
    'SERVER_PORT' => '80'
    'REMOTE_ADDR' => '::1'
    'DOCUMENT_ROOT' => 'F:/xampp/htdocs'
    'REQUEST_SCHEME' => 'http'
    'CONTEXT_PREFIX' => ''
    'CONTEXT_DOCUMENT_ROOT' => 'F:/xampp/htdocs'
    'SERVER_ADMIN' => 'postmaster@localhost'
    'SCRIPT_FILENAME' => 'F:/xampp/htdocs/base/index.php'
    'REMOTE_PORT' => '54183'
    'GATEWAY_INTERFACE' => 'CGI/1.1'
    'SERVER_PROTOCOL' => 'HTTP/1.1'
    'REQUEST_METHOD' => 'GET'
    'QUERY_STRING' => ''
    'REQUEST_URI' => '/base/'
    'SCRIPT_NAME' => '/base/index.php'
    'PHP_SELF' => '/base/index.php'
    'REQUEST_TIME_FLOAT' => 1579331511.106
    'REQUEST_TIME' => 1579331511
]
2020-01-18 12:46:55 [::1][-][-][error][Error] Error: Class 'bizley\contenttools\actions\UploadAction' not found in F:\xampp\htdocs\base\protected\controllers\SiteController.php:65
Stack trace:
#0 F:\xampp\htdocs\vendor\yiisoft\yii2\base\Controller.php(225): app\controllers\SiteController->actions()
#1 F:\xampp\htdocs\vendor\yiisoft\yii2\base\Controller.php(126): yii\base\Controller->createAction('index')
#2 F:\xampp\htdocs\vendor\yiisoft\yii2\base\Module.php(528): yii\base\Controller->runAction('index', Array)
#3 F:\xampp\htdocs\vendor\yiisoft\yii2\web\Application.php(103): yii\base\Module->runAction('', Array)
#4 F:\xampp\htdocs\vendor\yiisoft\yii2\base\Application.php(386): yii\web\Application->handleRequest(Object(app\components\TRequest))
#5 F:\xampp\htdocs\base\index.php(10): yii\base\Application->run()
#6 {main}
2020-01-18 12:46:52 [::1][-][-][info][application] $_GET = []

$_POST = []

$_FILES = []

$_COOKIE = [
    'PHPSESSID' => 'c8p67rfdiod1ilvvvgfrsnc0jn'
    '_csrf' => 'aaa4327b729e8d140e0dc9f6ca2f8e9e5de1d68a0fd6f66f38b38baad12ec4f4a:2:{i:0;s:5:\"_csrf\";i:1;s:32:\"J6esP4uaqgiEuZktkz8cchczysEEQAjw\";}'
    'language' => '662e635d21d94ba70a201c5badef04b668a21c9400d116df165d762e1ac5f804a:2:{i:0;s:8:\"language\";i:1;s:2:\"en\";}'
]

$_SERVER = [
    'MIBDIRS' => 'F:/xampp/php/extras/mibs'
    'MYSQL_HOME' => '\\xampp\\mysql\\bin'
    'OPENSSL_CONF' => 'F:/xampp/apache/bin/openssl.cnf'
    'PHP_PEAR_SYSCONF_DIR' => '\\xampp\\php'
    'PHPRC' => '\\xampp\\php'
    'TMP' => '\\xampp\\tmp'
    'HTTP_HOST' => 'localhost'
    'HTTP_CONNECTION' => 'keep-alive'
    'HTTP_CACHE_CONTROL' => 'max-age=0'
    'HTTP_UPGRADE_INSECURE_REQUESTS' => '1'
    'HTTP_USER_AGENT' => 'Mozilla/5.0 (Windows NT 10.0; Win64; x64) AppleWebKit/537.36 (KHTML, like Gecko) Chrome/79.0.3945.88 Safari/537.36'
    'HTTP_SEC_FETCH_USER' => '?1'
    'HTTP_ACCEPT' => 'text/html,application/xhtml+xml,application/xml;q=0.9,image/webp,image/apng,*/*;q=0.8,application/signed-exchange;v=b3;q=0.9'
    'HTTP_SEC_FETCH_SITE' => 'same-origin'
    'HTTP_SEC_FETCH_MODE' => 'navigate'
    'HTTP_REFERER' => 'http://localhost/'
    'HTTP_ACCEPT_ENCODING' => 'gzip, deflate, br'
    'HTTP_ACCEPT_LANGUAGE' => 'en-US,en;q=0.9'
    'HTTP_COOKIE' => 'PHPSESSID=c8p67rfdiod1ilvvvgfrsnc0jn; _csrf=aaa4327b729e8d140e0dc9f6ca2f8e9e5de1d68a0fd6f66f38b38baad12ec4f4a%3A2%3A%7Bi%3A0%3Bs%3A5%3A%22_csrf%22%3Bi%3A1%3Bs%3A32%3A%22J6esP4uaqgiEuZktkz8cchczysEEQAjw%22%3B%7D; language=662e635d21d94ba70a201c5badef04b668a21c9400d116df165d762e1ac5f804a%3A2%3A%7Bi%3A0%3Bs%3A8%3A%22language%22%3Bi%3A1%3Bs%3A2%3A%22en%22%3B%7D'
    'PATH' => 'C:\\Program Files (x86)\\Common Files\\Oracle\\Java\\javapath;C:\\Windows\\system32;C:\\Windows;C:\\Windows\\System32\\Wbem;C:\\Windows\\System32\\WindowsPowerShell\\v1.0\\;C:\\Windows\\System32\\OpenSSH\\;C:\\Program Files\\nodejs;C:\\Users\\HP\\AppData\\Local\\Android\\Sdk\\platform-tools;C:\\Program Files\\Java\\jdk1.8.0_181\\bin;C:\\Program Files (x86)\\Yarn\\bin\\;C:\\Program Files\\Git\\cmd;C:\\xampp\\php;C:\\ProgramData\\ComposerSetup\\bin;C:\\Program Files (x86)\\PuTTY\\;C:\\Users\\HP\\AppData\\Local\\Microsoft\\WindowsApps;C:\\Users\\HP\\AppData\\Roaming\\npm;C:\\Users\\HP\\AppData\\Local\\Programs\\Microsoft VS Code\\bin;C:\\Users\\HP\\AppData\\Local\\Yarn\\bin;C:\\Users\\HP\\AppData\\Roaming\\Composer\\vendor\\bin'
    'SystemRoot' => 'C:\\Windows'
    'COMSPEC' => 'C:\\Windows\\system32\\cmd.exe'
    'PATHEXT' => '.COM;.EXE;.BAT;.CMD;.VBS;.VBE;.JS;.JSE;.WSF;.WSH;.MSC'
    'WINDIR' => 'C:\\Windows'
    'SERVER_SIGNATURE' => '<address>Apache/2.4.41 (Win64) OpenSSL/1.0.2s PHP/7.1.32 Server at localhost Port 80</address>
'
    'SERVER_SOFTWARE' => 'Apache/2.4.41 (Win64) OpenSSL/1.0.2s PHP/7.1.32'
    'SERVER_NAME' => 'localhost'
    'SERVER_ADDR' => '::1'
    'SERVER_PORT' => '80'
    'REMOTE_ADDR' => '::1'
    'DOCUMENT_ROOT' => 'F:/xampp/htdocs'
    'REQUEST_SCHEME' => 'http'
    'CONTEXT_PREFIX' => ''
    'CONTEXT_DOCUMENT_ROOT' => 'F:/xampp/htdocs'
    'SERVER_ADMIN' => 'postmaster@localhost'
    'SCRIPT_FILENAME' => 'F:/xampp/htdocs/base/index.php'
    'REMOTE_PORT' => '54671'
    'GATEWAY_INTERFACE' => 'CGI/1.1'
    'SERVER_PROTOCOL' => 'HTTP/1.1'
    'REQUEST_METHOD' => 'GET'
    'QUERY_STRING' => ''
    'REQUEST_URI' => '/base/'
    'SCRIPT_NAME' => '/base/index.php'
    'PHP_SELF' => '/base/index.php'
    'REQUEST_TIME_FLOAT' => 1579331811.094
    'REQUEST_TIME' => 1579331811
]
2020-01-18 12:59:02 [::1][-][-][error][yii\db\Exception] PDOException: SQLSTATE[HY000] [1045] Access denied for user 'admin'@'localhost' (using password: YES) in F:\xampp\htdocs\base\vendor\yiisoft\yii2\db\Connection.php:698
Stack trace:
#0 F:\xampp\htdocs\base\vendor\yiisoft\yii2\db\Connection.php(698): PDO->__construct('mysql:host=127....', 'admin', 'admin@123', NULL)
#1 F:\xampp\htdocs\base\vendor\yiisoft\yii2\db\Connection.php(624): yii\db\Connection->createPdoInstance()
#2 F:\xampp\htdocs\base\vendor\yiisoft\yii2\db\Connection.php(1015): yii\db\Connection->open()
#3 F:\xampp\htdocs\base\vendor\yiisoft\yii2\db\Connection.php(1002): yii\db\Connection->getMasterPdo()
#4 F:\xampp\htdocs\base\vendor\yiisoft\yii2\db\mysql\QueryBuilder.php(393): yii\db\Connection->getSlavePdo()
#5 F:\xampp\htdocs\base\vendor\yiisoft\yii2\db\mysql\QueryBuilder.php(412): yii\db\mysql\QueryBuilder->supportsFractionalSeconds()
#6 F:\xampp\htdocs\base\vendor\yiisoft\yii2\db\mysql\QueryBuilder.php(57): yii\db\mysql\QueryBuilder->defaultTimeTypeMap()
#7 F:\xampp\htdocs\base\vendor\yiisoft\yii2\base\BaseObject.php(109): yii\db\mysql\QueryBuilder->init()
#8 F:\xampp\htdocs\base\vendor\yiisoft\yii2\db\QueryBuilder.php(116): yii\base\BaseObject->__construct(Array)
#9 F:\xampp\htdocs\base\vendor\yiisoft\yii2\db\mysql\Schema.php(217): yii\db\QueryBuilder->__construct(Object(yii\db\Connection))
#10 F:\xampp\htdocs\base\vendor\yiisoft\yii2\db\Schema.php(248): yii\db\mysql\Schema->createQueryBuilder()
#11 F:\xampp\htdocs\base\vendor\yiisoft\yii2\db\Connection.php(849): yii\db\Schema->getQueryBuilder()
#12 F:\xampp\htdocs\base\vendor\yiisoft\yii2\db\ActiveQuery.php(328): yii\db\Connection->getQueryBuilder()
#13 F:\xampp\htdocs\base\vendor\yiisoft\yii2\db\Query.php(464): yii\db\ActiveQuery->createCommand(Object(yii\db\Connection))
#14 F:\xampp\htdocs\base\vendor\yiisoft\yii2\db\ActiveQuery.php(352): yii\db\Query->queryScalar('COUNT(*)', Object(yii\db\Connection))
#15 F:\xampp\htdocs\base\vendor\yiisoft\yii2\db\Query.php(355): yii\db\ActiveQuery->queryScalar('COUNT(*)', Object(yii\db\Connection))
#16 F:\xampp\htdocs\base\protected\components\TController.php(219): yii\db\Query->count()
#17 F:\xampp\htdocs\base\vendor\yiisoft\yii2\base\Controller.php(155): app\components\TController->beforeAction(Object(yii\base\InlineAction))
#18 F:\xampp\htdocs\base\vendor\yiisoft\yii2\base\Module.php(528): yii\base\Controller->runAction('index', Array)
#19 F:\xampp\htdocs\base\vendor\yiisoft\yii2\web\Application.php(103): yii\base\Module->runAction('', Array)
#20 F:\xampp\htdocs\base\vendor\yiisoft\yii2\base\Application.php(386): yii\web\Application->handleRequest(Object(app\components\TRequest))
#21 F:\xampp\htdocs\base\index.php(10): yii\base\Application->run()
#22 {main}

Next yii\db\Exception: SQLSTATE[HY000] [1045] Access denied for user 'admin'@'localhost' (using password: YES) in F:\xampp\htdocs\base\vendor\yiisoft\yii2\db\Connection.php:635
Stack trace:
#0 F:\xampp\htdocs\base\vendor\yiisoft\yii2\db\Connection.php(1015): yii\db\Connection->open()
#1 F:\xampp\htdocs\base\vendor\yiisoft\yii2\db\Connection.php(1002): yii\db\Connection->getMasterPdo()
#2 F:\xampp\htdocs\base\vendor\yiisoft\yii2\db\mysql\QueryBuilder.php(393): yii\db\Connection->getSlavePdo()
#3 F:\xampp\htdocs\base\vendor\yiisoft\yii2\db\mysql\QueryBuilder.php(412): yii\db\mysql\QueryBuilder->supportsFractionalSeconds()
#4 F:\xampp\htdocs\base\vendor\yiisoft\yii2\db\mysql\QueryBuilder.php(57): yii\db\mysql\QueryBuilder->defaultTimeTypeMap()
#5 F:\xampp\htdocs\base\vendor\yiisoft\yii2\base\BaseObject.php(109): yii\db\mysql\QueryBuilder->init()
#6 F:\xampp\htdocs\base\vendor\yiisoft\yii2\db\QueryBuilder.php(116): yii\base\BaseObject->__construct(Array)
#7 F:\xampp\htdocs\base\vendor\yiisoft\yii2\db\mysql\Schema.php(217): yii\db\QueryBuilder->__construct(Object(yii\db\Connection))
#8 F:\xampp\htdocs\base\vendor\yiisoft\yii2\db\Schema.php(248): yii\db\mysql\Schema->createQueryBuilder()
#9 F:\xampp\htdocs\base\vendor\yiisoft\yii2\db\Connection.php(849): yii\db\Schema->getQueryBuilder()
#10 F:\xampp\htdocs\base\vendor\yiisoft\yii2\db\ActiveQuery.php(328): yii\db\Connection->getQueryBuilder()
#11 F:\xampp\htdocs\base\vendor\yiisoft\yii2\db\Query.php(464): yii\db\ActiveQuery->createCommand(Object(yii\db\Connection))
#12 F:\xampp\htdocs\base\vendor\yiisoft\yii2\db\ActiveQuery.php(352): yii\db\Query->queryScalar('COUNT(*)', Object(yii\db\Connection))
#13 F:\xampp\htdocs\base\vendor\yiisoft\yii2\db\Query.php(355): yii\db\ActiveQuery->queryScalar('COUNT(*)', Object(yii\db\Connection))
#14 F:\xampp\htdocs\base\protected\components\TController.php(219): yii\db\Query->count()
#15 F:\xampp\htdocs\base\vendor\yiisoft\yii2\base\Controller.php(155): app\components\TController->beforeAction(Object(yii\base\InlineAction))
#16 F:\xampp\htdocs\base\vendor\yiisoft\yii2\base\Module.php(528): yii\base\Controller->runAction('index', Array)
#17 F:\xampp\htdocs\base\vendor\yiisoft\yii2\web\Application.php(103): yii\base\Module->runAction('', Array)
#18 F:\xampp\htdocs\base\vendor\yiisoft\yii2\base\Application.php(386): yii\web\Application->handleRequest(Object(app\components\TRequest))
#19 F:\xampp\htdocs\base\index.php(10): yii\base\Application->run()
#20 {main}
Additional Information:

2020-01-18 12:58:57 [::1][-][-][info][application] $_GET = []

$_POST = []

$_FILES = []

$_COOKIE = [
    'PHPSESSID' => 'c8p67rfdiod1ilvvvgfrsnc0jn'
    '_csrf' => 'aaa4327b729e8d140e0dc9f6ca2f8e9e5de1d68a0fd6f66f38b38baad12ec4f4a:2:{i:0;s:5:\"_csrf\";i:1;s:32:\"J6esP4uaqgiEuZktkz8cchczysEEQAjw\";}'
    'language' => '662e635d21d94ba70a201c5badef04b668a21c9400d116df165d762e1ac5f804a:2:{i:0;s:8:\"language\";i:1;s:2:\"en\";}'
]

$_SERVER = [
    'MIBDIRS' => 'F:/xampp/php/extras/mibs'
    'MYSQL_HOME' => '\\xampp\\mysql\\bin'
    'OPENSSL_CONF' => 'F:/xampp/apache/bin/openssl.cnf'
    'PHP_PEAR_SYSCONF_DIR' => '\\xampp\\php'
    'PHPRC' => '\\xampp\\php'
    'TMP' => '\\xampp\\tmp'
    'HTTP_HOST' => 'localhost'
    'HTTP_CONNECTION' => 'keep-alive'
    'HTTP_CACHE_CONTROL' => 'max-age=0'
    'HTTP_UPGRADE_INSECURE_REQUESTS' => '1'
    'HTTP_USER_AGENT' => 'Mozilla/5.0 (Windows NT 10.0; Win64; x64) AppleWebKit/537.36 (KHTML, like Gecko) Chrome/79.0.3945.88 Safari/537.36'
    'HTTP_SEC_FETCH_USER' => '?1'
    'HTTP_ACCEPT' => 'text/html,application/xhtml+xml,application/xml;q=0.9,image/webp,image/apng,*/*;q=0.8,application/signed-exchange;v=b3;q=0.9'
    'HTTP_SEC_FETCH_SITE' => 'same-origin'
    'HTTP_SEC_FETCH_MODE' => 'navigate'
    'HTTP_REFERER' => 'http://localhost/'
    'HTTP_ACCEPT_ENCODING' => 'gzip, deflate, br'
    'HTTP_ACCEPT_LANGUAGE' => 'en-US,en;q=0.9'
    'HTTP_COOKIE' => 'PHPSESSID=c8p67rfdiod1ilvvvgfrsnc0jn; _csrf=aaa4327b729e8d140e0dc9f6ca2f8e9e5de1d68a0fd6f66f38b38baad12ec4f4a%3A2%3A%7Bi%3A0%3Bs%3A5%3A%22_csrf%22%3Bi%3A1%3Bs%3A32%3A%22J6esP4uaqgiEuZktkz8cchczysEEQAjw%22%3B%7D; language=662e635d21d94ba70a201c5badef04b668a21c9400d116df165d762e1ac5f804a%3A2%3A%7Bi%3A0%3Bs%3A8%3A%22language%22%3Bi%3A1%3Bs%3A2%3A%22en%22%3B%7D'
    'PATH' => 'C:\\Program Files (x86)\\Common Files\\Oracle\\Java\\javapath;C:\\Windows\\system32;C:\\Windows;C:\\Windows\\System32\\Wbem;C:\\Windows\\System32\\WindowsPowerShell\\v1.0\\;C:\\Windows\\System32\\OpenSSH\\;C:\\Program Files\\nodejs;C:\\Users\\HP\\AppData\\Local\\Android\\Sdk\\platform-tools;C:\\Program Files\\Java\\jdk1.8.0_181\\bin;C:\\Program Files (x86)\\Yarn\\bin\\;C:\\Program Files\\Git\\cmd;C:\\xampp\\php;C:\\ProgramData\\ComposerSetup\\bin;C:\\Program Files (x86)\\PuTTY\\;C:\\Users\\HP\\AppData\\Local\\Microsoft\\WindowsApps;C:\\Users\\HP\\AppData\\Roaming\\npm;C:\\Users\\HP\\AppData\\Local\\Programs\\Microsoft VS Code\\bin;C:\\Users\\HP\\AppData\\Local\\Yarn\\bin;C:\\Users\\HP\\AppData\\Roaming\\Composer\\vendor\\bin'
    'SystemRoot' => 'C:\\Windows'
    'COMSPEC' => 'C:\\Windows\\system32\\cmd.exe'
    'PATHEXT' => '.COM;.EXE;.BAT;.CMD;.VBS;.VBE;.JS;.JSE;.WSF;.WSH;.MSC'
    'WINDIR' => 'C:\\Windows'
    'SERVER_SIGNATURE' => '<address>Apache/2.4.41 (Win64) OpenSSL/1.0.2s PHP/7.1.32 Server at localhost Port 80</address>
'
    'SERVER_SOFTWARE' => 'Apache/2.4.41 (Win64) OpenSSL/1.0.2s PHP/7.1.32'
    'SERVER_NAME' => 'localhost'
    'SERVER_ADDR' => '::1'
    'SERVER_PORT' => '80'
    'REMOTE_ADDR' => '::1'
    'DOCUMENT_ROOT' => 'F:/xampp/htdocs'
    'REQUEST_SCHEME' => 'http'
    'CONTEXT_PREFIX' => ''
    'CONTEXT_DOCUMENT_ROOT' => 'F:/xampp/htdocs'
    'SERVER_ADMIN' => 'postmaster@localhost'
    'SCRIPT_FILENAME' => 'F:/xampp/htdocs/base/index.php'
    'REMOTE_PORT' => '55438'
    'GATEWAY_INTERFACE' => 'CGI/1.1'
    'SERVER_PROTOCOL' => 'HTTP/1.1'
    'REQUEST_METHOD' => 'GET'
    'QUERY_STRING' => ''
    'REQUEST_URI' => '/base/'
    'SCRIPT_NAME' => '/base/index.php'
    'PHP_SELF' => '/base/index.php'
    'REQUEST_TIME_FLOAT' => 1579332535.272
    'REQUEST_TIME' => 1579332535
]
2020-01-18 12:59:48 [::1][-][-][error][yii\db\Exception] PDOException: SQLSTATE[HY000] [1049] Unknown database 'base' in F:\xampp\htdocs\base\vendor\yiisoft\yii2\db\Connection.php:698
Stack trace:
#0 F:\xampp\htdocs\base\vendor\yiisoft\yii2\db\Connection.php(698): PDO->__construct('mysql:host=127....', 'root', '', NULL)
#1 F:\xampp\htdocs\base\vendor\yiisoft\yii2\db\Connection.php(624): yii\db\Connection->createPdoInstance()
#2 F:\xampp\htdocs\base\vendor\yiisoft\yii2\db\Connection.php(1015): yii\db\Connection->open()
#3 F:\xampp\htdocs\base\vendor\yiisoft\yii2\db\Connection.php(1002): yii\db\Connection->getMasterPdo()
#4 F:\xampp\htdocs\base\vendor\yiisoft\yii2\db\mysql\QueryBuilder.php(393): yii\db\Connection->getSlavePdo()
#5 F:\xampp\htdocs\base\vendor\yiisoft\yii2\db\mysql\QueryBuilder.php(412): yii\db\mysql\QueryBuilder->supportsFractionalSeconds()
#6 F:\xampp\htdocs\base\vendor\yiisoft\yii2\db\mysql\QueryBuilder.php(57): yii\db\mysql\QueryBuilder->defaultTimeTypeMap()
#7 F:\xampp\htdocs\base\vendor\yiisoft\yii2\base\BaseObject.php(109): yii\db\mysql\QueryBuilder->init()
#8 F:\xampp\htdocs\base\vendor\yiisoft\yii2\db\QueryBuilder.php(116): yii\base\BaseObject->__construct(Array)
#9 F:\xampp\htdocs\base\vendor\yiisoft\yii2\db\mysql\Schema.php(217): yii\db\QueryBuilder->__construct(Object(yii\db\Connection))
#10 F:\xampp\htdocs\base\vendor\yiisoft\yii2\db\Schema.php(248): yii\db\mysql\Schema->createQueryBuilder()
#11 F:\xampp\htdocs\base\vendor\yiisoft\yii2\db\Connection.php(849): yii\db\Schema->getQueryBuilder()
#12 F:\xampp\htdocs\base\vendor\yiisoft\yii2\db\ActiveQuery.php(328): yii\db\Connection->getQueryBuilder()
#13 F:\xampp\htdocs\base\vendor\yiisoft\yii2\db\Query.php(464): yii\db\ActiveQuery->createCommand(Object(yii\db\Connection))
#14 F:\xampp\htdocs\base\vendor\yiisoft\yii2\db\ActiveQuery.php(352): yii\db\Query->queryScalar('COUNT(*)', Object(yii\db\Connection))
#15 F:\xampp\htdocs\base\vendor\yiisoft\yii2\db\Query.php(355): yii\db\ActiveQuery->queryScalar('COUNT(*)', Object(yii\db\Connection))
#16 F:\xampp\htdocs\base\protected\components\TController.php(219): yii\db\Query->count()
#17 F:\xampp\htdocs\base\vendor\yiisoft\yii2\base\Controller.php(155): app\components\TController->beforeAction(Object(yii\base\InlineAction))
#18 F:\xampp\htdocs\base\vendor\yiisoft\yii2\base\Module.php(528): yii\base\Controller->runAction('index', Array)
#19 F:\xampp\htdocs\base\vendor\yiisoft\yii2\web\Application.php(103): yii\base\Module->runAction('', Array)
#20 F:\xampp\htdocs\base\vendor\yiisoft\yii2\base\Application.php(386): yii\web\Application->handleRequest(Object(app\components\TRequest))
#21 F:\xampp\htdocs\base\index.php(10): yii\base\Application->run()
#22 {main}

Next yii\db\Exception: SQLSTATE[HY000] [1049] Unknown database 'base' in F:\xampp\htdocs\base\vendor\yiisoft\yii2\db\Connection.php:635
Stack trace:
#0 F:\xampp\htdocs\base\vendor\yiisoft\yii2\db\Connection.php(1015): yii\db\Connection->open()
#1 F:\xampp\htdocs\base\vendor\yiisoft\yii2\db\Connection.php(1002): yii\db\Connection->getMasterPdo()
#2 F:\xampp\htdocs\base\vendor\yiisoft\yii2\db\mysql\QueryBuilder.php(393): yii\db\Connection->getSlavePdo()
#3 F:\xampp\htdocs\base\vendor\yiisoft\yii2\db\mysql\QueryBuilder.php(412): yii\db\mysql\QueryBuilder->supportsFractionalSeconds()
#4 F:\xampp\htdocs\base\vendor\yiisoft\yii2\db\mysql\QueryBuilder.php(57): yii\db\mysql\QueryBuilder->defaultTimeTypeMap()
#5 F:\xampp\htdocs\base\vendor\yiisoft\yii2\base\BaseObject.php(109): yii\db\mysql\QueryBuilder->init()
#6 F:\xampp\htdocs\base\vendor\yiisoft\yii2\db\QueryBuilder.php(116): yii\base\BaseObject->__construct(Array)
#7 F:\xampp\htdocs\base\vendor\yiisoft\yii2\db\mysql\Schema.php(217): yii\db\QueryBuilder->__construct(Object(yii\db\Connection))
#8 F:\xampp\htdocs\base\vendor\yiisoft\yii2\db\Schema.php(248): yii\db\mysql\Schema->createQueryBuilder()
#9 F:\xampp\htdocs\base\vendor\yiisoft\yii2\db\Connection.php(849): yii\db\Schema->getQueryBuilder()
#10 F:\xampp\htdocs\base\vendor\yiisoft\yii2\db\ActiveQuery.php(328): yii\db\Connection->getQueryBuilder()
#11 F:\xampp\htdocs\base\vendor\yiisoft\yii2\db\Query.php(464): yii\db\ActiveQuery->createCommand(Object(yii\db\Connection))
#12 F:\xampp\htdocs\base\vendor\yiisoft\yii2\db\ActiveQuery.php(352): yii\db\Query->queryScalar('COUNT(*)', Object(yii\db\Connection))
#13 F:\xampp\htdocs\base\vendor\yiisoft\yii2\db\Query.php(355): yii\db\ActiveQuery->queryScalar('COUNT(*)', Object(yii\db\Connection))
#14 F:\xampp\htdocs\base\protected\components\TController.php(219): yii\db\Query->count()
#15 F:\xampp\htdocs\base\vendor\yiisoft\yii2\base\Controller.php(155): app\components\TController->beforeAction(Object(yii\base\InlineAction))
#16 F:\xampp\htdocs\base\vendor\yiisoft\yii2\base\Module.php(528): yii\base\Controller->runAction('index', Array)
#17 F:\xampp\htdocs\base\vendor\yiisoft\yii2\web\Application.php(103): yii\base\Module->runAction('', Array)
#18 F:\xampp\htdocs\base\vendor\yiisoft\yii2\base\Application.php(386): yii\web\Application->handleRequest(Object(app\components\TRequest))
#19 F:\xampp\htdocs\base\index.php(10): yii\base\Application->run()
#20 {main}
Additional Information:

2020-01-18 12:59:48 [::1][-][-][info][application] $_GET = []

$_POST = []

$_FILES = []

$_COOKIE = [
    'PHPSESSID' => 'c8p67rfdiod1ilvvvgfrsnc0jn'
    '_csrf' => 'aaa4327b729e8d140e0dc9f6ca2f8e9e5de1d68a0fd6f66f38b38baad12ec4f4a:2:{i:0;s:5:\"_csrf\";i:1;s:32:\"J6esP4uaqgiEuZktkz8cchczysEEQAjw\";}'
    'language' => '662e635d21d94ba70a201c5badef04b668a21c9400d116df165d762e1ac5f804a:2:{i:0;s:8:\"language\";i:1;s:2:\"en\";}'
]

$_SERVER = [
    'MIBDIRS' => 'F:/xampp/php/extras/mibs'
    'MYSQL_HOME' => '\\xampp\\mysql\\bin'
    'OPENSSL_CONF' => 'F:/xampp/apache/bin/openssl.cnf'
    'PHP_PEAR_SYSCONF_DIR' => '\\xampp\\php'
    'PHPRC' => '\\xampp\\php'
    'TMP' => '\\xampp\\tmp'
    'HTTP_HOST' => 'localhost'
    'HTTP_CONNECTION' => 'keep-alive'
    'HTTP_CACHE_CONTROL' => 'max-age=0'
    'HTTP_UPGRADE_INSECURE_REQUESTS' => '1'
    'HTTP_USER_AGENT' => 'Mozilla/5.0 (Windows NT 10.0; Win64; x64) AppleWebKit/537.36 (KHTML, like Gecko) Chrome/79.0.3945.88 Safari/537.36'
    'HTTP_SEC_FETCH_USER' => '?1'
    'HTTP_ACCEPT' => 'text/html,application/xhtml+xml,application/xml;q=0.9,image/webp,image/apng,*/*;q=0.8,application/signed-exchange;v=b3;q=0.9'
    'HTTP_SEC_FETCH_SITE' => 'same-origin'
    'HTTP_SEC_FETCH_MODE' => 'navigate'
    'HTTP_REFERER' => 'http://localhost/'
    'HTTP_ACCEPT_ENCODING' => 'gzip, deflate, br'
    'HTTP_ACCEPT_LANGUAGE' => 'en-US,en;q=0.9'
    'HTTP_COOKIE' => 'PHPSESSID=c8p67rfdiod1ilvvvgfrsnc0jn; _csrf=aaa4327b729e8d140e0dc9f6ca2f8e9e5de1d68a0fd6f66f38b38baad12ec4f4a%3A2%3A%7Bi%3A0%3Bs%3A5%3A%22_csrf%22%3Bi%3A1%3Bs%3A32%3A%22J6esP4uaqgiEuZktkz8cchczysEEQAjw%22%3B%7D; language=662e635d21d94ba70a201c5badef04b668a21c9400d116df165d762e1ac5f804a%3A2%3A%7Bi%3A0%3Bs%3A8%3A%22language%22%3Bi%3A1%3Bs%3A2%3A%22en%22%3B%7D'
    'PATH' => 'C:\\Program Files (x86)\\Common Files\\Oracle\\Java\\javapath;C:\\Windows\\system32;C:\\Windows;C:\\Windows\\System32\\Wbem;C:\\Windows\\System32\\WindowsPowerShell\\v1.0\\;C:\\Windows\\System32\\OpenSSH\\;C:\\Program Files\\nodejs;C:\\Users\\HP\\AppData\\Local\\Android\\Sdk\\platform-tools;C:\\Program Files\\Java\\jdk1.8.0_181\\bin;C:\\Program Files (x86)\\Yarn\\bin\\;C:\\Program Files\\Git\\cmd;C:\\xampp\\php;C:\\ProgramData\\ComposerSetup\\bin;C:\\Program Files (x86)\\PuTTY\\;C:\\Users\\HP\\AppData\\Local\\Microsoft\\WindowsApps;C:\\Users\\HP\\AppData\\Roaming\\npm;C:\\Users\\HP\\AppData\\Local\\Programs\\Microsoft VS Code\\bin;C:\\Users\\HP\\AppData\\Local\\Yarn\\bin;C:\\Users\\HP\\AppData\\Roaming\\Composer\\vendor\\bin'
    'SystemRoot' => 'C:\\Windows'
    'COMSPEC' => 'C:\\Windows\\system32\\cmd.exe'
    'PATHEXT' => '.COM;.EXE;.BAT;.CMD;.VBS;.VBE;.JS;.JSE;.WSF;.WSH;.MSC'
    'WINDIR' => 'C:\\Windows'
    'SERVER_SIGNATURE' => '<address>Apache/2.4.41 (Win64) OpenSSL/1.0.2s PHP/7.1.32 Server at localhost Port 80</address>
'
    'SERVER_SOFTWARE' => 'Apache/2.4.41 (Win64) OpenSSL/1.0.2s PHP/7.1.32'
    'SERVER_NAME' => 'localhost'
    'SERVER_ADDR' => '::1'
    'SERVER_PORT' => '80'
    'REMOTE_ADDR' => '::1'
    'DOCUMENT_ROOT' => 'F:/xampp/htdocs'
    'REQUEST_SCHEME' => 'http'
    'CONTEXT_PREFIX' => ''
    'CONTEXT_DOCUMENT_ROOT' => 'F:/xampp/htdocs'
    'SERVER_ADMIN' => 'postmaster@localhost'
    'SCRIPT_FILENAME' => 'F:/xampp/htdocs/base/index.php'
    'REMOTE_PORT' => '55483'
    'GATEWAY_INTERFACE' => 'CGI/1.1'
    'SERVER_PROTOCOL' => 'HTTP/1.1'
    'REQUEST_METHOD' => 'GET'
    'QUERY_STRING' => ''
    'REQUEST_URI' => '/base/'
    'SCRIPT_NAME' => '/base/index.php'
    'PHP_SELF' => '/base/index.php'
    'REQUEST_TIME_FLOAT' => 1579332588.667
    'REQUEST_TIME' => 1579332588
]
2020-01-18 13:04:06 [::1][-][0167onrakq8ht1rqr139914dbs][error][yii\web\HttpException:404] yii\base\InvalidRouteException: Unable to resolve the request "assets/images/favicon.png". in F:\xampp\htdocs\base\vendor\yiisoft\yii2\base\Module.php:537
Stack trace:
#0 F:\xampp\htdocs\base\vendor\yiisoft\yii2\web\Application.php(103): yii\base\Module->runAction('assets/images/f...', Array)
#1 F:\xampp\htdocs\base\vendor\yiisoft\yii2\base\Application.php(386): yii\web\Application->handleRequest(Object(app\components\TRequest))
#2 F:\xampp\htdocs\base\index.php(10): yii\base\Application->run()
#3 {main}

Next yii\web\NotFoundHttpException: Page not found. in F:\xampp\htdocs\base\vendor\yiisoft\yii2\web\Application.php:115
Stack trace:
#0 F:\xampp\htdocs\base\vendor\yiisoft\yii2\base\Application.php(386): yii\web\Application->handleRequest(Object(app\components\TRequest))
#1 F:\xampp\htdocs\base\index.php(10): yii\base\Application->run()
#2 {main}
2020-01-18 13:03:42 [::1][-][0167onrakq8ht1rqr139914dbs][info][application] $_GET = []

$_POST = []

$_FILES = []

$_COOKIE = [
    '_session_AdminProject' => '0167onrakq8ht1rqr139914dbs'
    '_csrf_AdminProject' => '77445fdd20179879c934385cfce6a728727368784aa670661a3fd4e489dfac6ba:2:{i:0;s:18:\"_csrf_AdminProject\";i:1;s:32:\"neA7ElMoXSw2vl1vqkTEWcGFA9NTYPon\";}'
    'PHPSESSID' => 'c8p67rfdiod1ilvvvgfrsnc0jn'
    '_csrf' => 'aaa4327b729e8d140e0dc9f6ca2f8e9e5de1d68a0fd6f66f38b38baad12ec4f4a:2:{i:0;s:5:\"_csrf\";i:1;s:32:\"J6esP4uaqgiEuZktkz8cchczysEEQAjw\";}'
    'language' => '662e635d21d94ba70a201c5badef04b668a21c9400d116df165d762e1ac5f804a:2:{i:0;s:8:\"language\";i:1;s:2:\"en\";}'
]

$_SESSION = [
    '__flash' => []
]

$_SERVER = [
    'REDIRECT_MIBDIRS' => 'F:/xampp/php/extras/mibs'
    'REDIRECT_MYSQL_HOME' => '\\xampp\\mysql\\bin'
    'REDIRECT_OPENSSL_CONF' => 'F:/xampp/apache/bin/openssl.cnf'
    'REDIRECT_PHP_PEAR_SYSCONF_DIR' => '\\xampp\\php'
    'REDIRECT_PHPRC' => '\\xampp\\php'
    'REDIRECT_TMP' => '\\xampp\\tmp'
    'REDIRECT_STATUS' => '200'
    'MIBDIRS' => 'F:/xampp/php/extras/mibs'
    'MYSQL_HOME' => '\\xampp\\mysql\\bin'
    'OPENSSL_CONF' => 'F:/xampp/apache/bin/openssl.cnf'
    'PHP_PEAR_SYSCONF_DIR' => '\\xampp\\php'
    'PHPRC' => '\\xampp\\php'
    'TMP' => '\\xampp\\tmp'
    'HTTP_HOST' => 'localhost'
    'HTTP_CONNECTION' => 'keep-alive'
    'HTTP_USER_AGENT' => 'Mozilla/5.0 (Windows NT 10.0; Win64; x64) AppleWebKit/537.36 (KHTML, like Gecko) Chrome/79.0.3945.88 Safari/537.36'
    'HTTP_ACCEPT' => 'image/webp,image/apng,image/*,*/*;q=0.8'
    'HTTP_SEC_FETCH_SITE' => 'same-origin'
    'HTTP_SEC_FETCH_MODE' => 'no-cors'
    'HTTP_REFERER' => 'http://localhost/base/user/login'
    'HTTP_ACCEPT_ENCODING' => 'gzip, deflate, br'
    'HTTP_ACCEPT_LANGUAGE' => 'en-US,en;q=0.9'
    'HTTP_COOKIE' => '_session_AdminProject=0167onrakq8ht1rqr139914dbs; _csrf_AdminProject=77445fdd20179879c934385cfce6a728727368784aa670661a3fd4e489dfac6ba%3A2%3A%7Bi%3A0%3Bs%3A18%3A%22_csrf_AdminProject%22%3Bi%3A1%3Bs%3A32%3A%22neA7ElMoXSw2vl1vqkTEWcGFA9NTYPon%22%3B%7D; PHPSESSID=c8p67rfdiod1ilvvvgfrsnc0jn; _csrf=aaa4327b729e8d140e0dc9f6ca2f8e9e5de1d68a0fd6f66f38b38baad12ec4f4a%3A2%3A%7Bi%3A0%3Bs%3A5%3A%22_csrf%22%3Bi%3A1%3Bs%3A32%3A%22J6esP4uaqgiEuZktkz8cchczysEEQAjw%22%3B%7D; language=662e635d21d94ba70a201c5badef04b668a21c9400d116df165d762e1ac5f804a%3A2%3A%7Bi%3A0%3Bs%3A8%3A%22language%22%3Bi%3A1%3Bs%3A2%3A%22en%22%3B%7D'
    'PATH' => 'C:\\Program Files (x86)\\Common Files\\Oracle\\Java\\javapath;C:\\Windows\\system32;C:\\Windows;C:\\Windows\\System32\\Wbem;C:\\Windows\\System32\\WindowsPowerShell\\v1.0\\;C:\\Windows\\System32\\OpenSSH\\;C:\\Program Files\\nodejs;C:\\Users\\HP\\AppData\\Local\\Android\\Sdk\\platform-tools;C:\\Program Files\\Java\\jdk1.8.0_181\\bin;C:\\Program Files (x86)\\Yarn\\bin\\;C:\\Program Files\\Git\\cmd;C:\\xampp\\php;C:\\ProgramData\\ComposerSetup\\bin;C:\\Program Files (x86)\\PuTTY\\;C:\\Users\\HP\\AppData\\Local\\Microsoft\\WindowsApps;C:\\Users\\HP\\AppData\\Roaming\\npm;C:\\Users\\HP\\AppData\\Local\\Programs\\Microsoft VS Code\\bin;C:\\Users\\HP\\AppData\\Local\\Yarn\\bin;C:\\Users\\HP\\AppData\\Roaming\\Composer\\vendor\\bin'
    'SystemRoot' => 'C:\\Windows'
    'COMSPEC' => 'C:\\Windows\\system32\\cmd.exe'
    'PATHEXT' => '.COM;.EXE;.BAT;.CMD;.VBS;.VBE;.JS;.JSE;.WSF;.WSH;.MSC'
    'WINDIR' => 'C:\\Windows'
    'SERVER_SIGNATURE' => '<address>Apache/2.4.41 (Win64) OpenSSL/1.0.2s PHP/7.1.32 Server at localhost Port 80</address>
'
    'SERVER_SOFTWARE' => 'Apache/2.4.41 (Win64) OpenSSL/1.0.2s PHP/7.1.32'
    'SERVER_NAME' => 'localhost'
    'SERVER_ADDR' => '::1'
    'SERVER_PORT' => '80'
    'REMOTE_ADDR' => '::1'
    'DOCUMENT_ROOT' => 'F:/xampp/htdocs'
    'REQUEST_SCHEME' => 'http'
    'CONTEXT_PREFIX' => ''
    'CONTEXT_DOCUMENT_ROOT' => 'F:/xampp/htdocs'
    'SERVER_ADMIN' => 'postmaster@localhost'
    'SCRIPT_FILENAME' => 'F:/xampp/htdocs/base/index.php'
    'REMOTE_PORT' => '55682'
    'REDIRECT_URL' => '/base/assets/images/favicon.png'
    'GATEWAY_INTERFACE' => 'CGI/1.1'
    'SERVER_PROTOCOL' => 'HTTP/1.1'
    'REQUEST_METHOD' => 'GET'
    'QUERY_STRING' => ''
    'REQUEST_URI' => '/base/assets/images/favicon.png'
    'SCRIPT_NAME' => '/base/index.php'
    'PHP_SELF' => '/base/index.php'
    'REQUEST_TIME_FLOAT' => 1579332815
    'REQUEST_TIME' => 1579332815
]
